<?xml version="1.0" encoding="UTF-8"?>
<!-- Generated by org.testng.reporters.JUnitXMLReporter -->
<testsuite hostname="shubhams-MacBook-Pro.local" ignored="3" name="Default test" tests="1" failures="0" timestamp="19 Sep 2023 14:54:33 GMT" time="2.643" errors="0">
  <testcase name="placeOrderTest" time="2.576" classname="Tests.StoreTests"/>
  <testcase name="getPetInventoryDetailsTest" time="0.0" classname="Tests.StoreTests">
    <ignored/>
  </testcase> <!-- getPetInventoryDetailsTest -->
  <testcase name="getOrderDetailsTest" time="0.0" classname="Tests.StoreTests">
    <ignored/>
  </testcase> <!-- getOrderDetailsTest -->
  <testcase name="deleteOrderDetailsTest" time="0.0" classname="Tests.StoreTests">
    <ignored/>
  </testcase> <!-- deleteOrderDetailsTest -->
</testsuite> <!-- Default test -->
