<?xml version="1.0" encoding="UTF-8"?>
<!-- Generated by org.testng.reporters.JUnitXMLReporter -->
<testsuite hostname="shubhams-MacBook-Pro.local" ignored="0" name="Default test" tests="4" failures="0" timestamp="18 Sep 2023 09:58:25 GMT" time="6.865" errors="0">
  <testcase name="createUserTest" time="2.548" classname="Tests.UserTests"/>
  <testcase name="getUserDetailsTest" time="1.294" classname="Tests.UserTests"/>
  <testcase name="updateUserDetailsTest" time="1.341" classname="Tests.UserTests"/>
  <testcase name="deleteUserDetailsTest" time="1.474" classname="Tests.UserTests"/>
</testsuite> <!-- Default test -->
