<?xml version="1.0" encoding="UTF-8"?>
<!-- Generated by org.testng.reporters.JUnitXMLReporter -->
<testsuite hostname="shubhams-MacBook-Pro.local" ignored="0" name="StoreTests" tests="4" failures="0" timestamp="19 Sep 2023 14:55:40 GMT" time="6.895" errors="0">
  <testcase name="placeOrderTest" time="2.591" classname="Tests.StoreTests"/>
  <testcase name="getOrderDetailsTest" time="1.496" classname="Tests.StoreTests"/>
  <testcase name="deleteOrderDetailsTest" time="1.249" classname="Tests.StoreTests"/>
  <testcase name="getPetInventoryDetailsTest" time="1.485" classname="Tests.StoreTests"/>
</testsuite> <!-- StoreTests -->
