<?xml version="1.0" encoding="UTF-8"?>
<!-- Generated by org.testng.reporters.JUnitXMLReporter -->
<testsuite ignored="0" hostname="shubhams-MacBook-Pro.local" failures="0" tests="4" name="Test" time="7.443" errors="0" timestamp="18 Sept 2023 15:02:33 GMT">
  <testcase classname="Tests.UserTests" name="createUserTest" time="2.829"/>
  <testcase classname="Tests.UserTests" name="getUserDetailsTest" time="1.398"/>
  <testcase classname="Tests.UserTests" name="updateUserDetailsTest" time="1.354"/>
  <testcase classname="Tests.UserTests" name="deleteUserDetailsTest" time="1.299"/>
</testsuite> <!-- Test -->
