<?xml version="1.0" encoding="UTF-8"?>
<!-- Generated by org.testng.reporters.JUnitXMLReporter -->
<testsuite hostname="shubhams-MacBook-Pro.local" ignored="0" name="Test" tests="4" failures="0" timestamp="19 Sep 2023 14:56:31 GMT" time="7.197" errors="0">
  <testcase name="createUserTest" time="2.607" classname="Tests.UserTests"/>
  <testcase name="getUserDetailsTest" time="1.571" classname="Tests.UserTests"/>
  <testcase name="updateUserDetailsTest" time="1.43" classname="Tests.UserTests"/>
  <testcase name="deleteUserDetailsTest" time="1.39" classname="Tests.UserTests"/>
</testsuite> <!-- Test -->
