<?xml version="1.0" encoding="UTF-8"?>
<!-- Generated by org.testng.reporters.JUnitXMLReporter -->
<testsuite hostname="shubhams-MacBook-Pro.local" ignored="0" name="StoreTests" tests="4" failures="0" timestamp="19 Sep 2023 14:58:01 GMT" time="7.161" errors="0">
  <testcase name="placeOrderTest" time="2.505" classname="Tests.StoreTests"/>
  <testcase name="getOrderDetailsTest" time="1.516" classname="Tests.StoreTests"/>
  <testcase name="deleteOrderDetailsTest" time="1.536" classname="Tests.StoreTests"/>
  <testcase name="getPetInventoryDetailsTest" time="1.537" classname="Tests.StoreTests"/>
</testsuite> <!-- StoreTests -->
