<?xml version="1.0" encoding="UTF-8"?>
<testng-results ignored="0" total="4" passed="4" failed="0" skipped="0">
  <reporter-output>
  </reporter-output>
  <suite started-at="2023-09-18T15:28:01Z" name="Suite" finished-at="2023-09-18T15:28:09Z" duration-ms="7856">
    <groups>
    </groups>
    <test started-at="2023-09-18T15:28:01Z" name="Test" finished-at="2023-09-18T15:28:09Z" duration-ms="7856">
      <class name="Tests.UserTests">
        <test-method is-config="true" signature="setup()[pri:0, instance:Tests.UserTests@1de5f259]" started-at="2023-09-18T15:28:01Z" name="setup" finished-at="2023-09-18T15:28:02Z" duration-ms="213" status="PASS">
          <reporter-output>
          </reporter-output>
        </test-method> <!-- setup -->
        <test-method signature="createUserTest()[pri:1, instance:Tests.UserTests@1de5f259]" started-at="2023-09-18T15:28:02Z" name="createUserTest" finished-at="2023-09-18T15:28:05Z" duration-ms="3306" status="PASS">
          <reporter-output>
          </reporter-output>
        </test-method> <!-- createUserTest -->
        <test-method signature="getUserDetailsTest()[pri:2, instance:Tests.UserTests@1de5f259]" started-at="2023-09-18T15:28:05Z" name="getUserDetailsTest" finished-at="2023-09-18T15:28:07Z" duration-ms="1558" status="PASS">
          <reporter-output>
          </reporter-output>
        </test-method> <!-- getUserDetailsTest -->
        <test-method signature="updateUserDetailsTest()[pri:3, instance:Tests.UserTests@1de5f259]" started-at="2023-09-18T15:28:07Z" name="updateUserDetailsTest" finished-at="2023-09-18T15:28:08Z" duration-ms="1444" status="PASS">
          <reporter-output>
          </reporter-output>
        </test-method> <!-- updateUserDetailsTest -->
        <test-method signature="deleteUserDetailsTest()[pri:4, instance:Tests.UserTests@1de5f259]" started-at="2023-09-18T15:28:08Z" name="deleteUserDetailsTest" finished-at="2023-09-18T15:28:09Z" duration-ms="1319" status="PASS">
          <reporter-output>
          </reporter-output>
        </test-method> <!-- deleteUserDetailsTest -->
      </class> <!-- Tests.UserTests -->
    </test> <!-- Test -->
  </suite> <!-- Suite -->
</testng-results>
