<?xml version="1.0" encoding="UTF-8"?>
<testsuite name="TestSuite" time="12.64" tests="8" errors="0" skipped="0" failures="0">
  <properties>
[...]
</properties>
  <testcase name="placeOrderTest" classname="Tests.StoreTests" time="2.506"/>
  <testcase name="getOrderDetailsTest" classname="Tests.StoreTests" time="1.516"/>
  <testcase name="deleteOrderDetailsTest" classname="Tests.StoreTests" time="1.535"/>
  <testcase name="getPetInventoryDetailsTest" classname="Tests.StoreTests" time="1.536"/>
  <testcase name="createUserTest" classname="Tests.UserTests" time="1.347"/>
  <testcase name="getUserDetailsTest" classname="Tests.UserTests" time="1.417"/>
  <testcase name="updateUserDetailsTest" classname="Tests.UserTests" time="1.35"/>
  <testcase name="deleteUserDetailsTest" classname="Tests.UserTests" time="1.433"/>
</testsuite>