<?xml version="1.0" encoding="UTF-8"?>
<!-- Generated by org.testng.reporters.JUnitXMLReporter -->
<testsuite hostname="shubhams-MacBook-Pro.local" ignored="0" name="Test" tests="4" failures="0" timestamp="19 Sep 2023 14:58:07 GMT" time="5.659" errors="0">
  <testcase name="createUserTest" time="1.347" classname="Tests.UserTests"/>
  <testcase name="getUserDetailsTest" time="1.417" classname="Tests.UserTests"/>
  <testcase name="updateUserDetailsTest" time="1.349" classname="Tests.UserTests"/>
  <testcase name="deleteUserDetailsTest" time="1.434" classname="Tests.UserTests"/>
</testsuite> <!-- Test -->
