<?xml version="1.0" encoding="UTF-8"?>
<testng-results skipped="0" failed="0" ignored="0" total="4" passed="4">
  <reporter-output>
  </reporter-output>
  <suite name="Suite" duration-ms="7197" started-at="2023-09-19T14:56:24Z" finished-at="2023-09-19T14:56:31Z">
    <groups>
    </groups>
    <test name="Test" duration-ms="7197" started-at="2023-09-19T14:56:24Z" finished-at="2023-09-19T14:56:31Z">
      <class name="Tests.UserTests">
        <test-method status="PASS" signature="setup()[pri:0, instance:Tests.UserTests@4d9e68d0]" name="setup" is-config="true" duration-ms="176" started-at="2023-09-19T14:56:24Z" finished-at="2023-09-19T14:56:24Z">
          <reporter-output>
          </reporter-output>
        </test-method> <!-- setup -->
        <test-method status="PASS" signature="createUserTest()[pri:1, instance:Tests.UserTests@4d9e68d0]" name="createUserTest" duration-ms="2607" started-at="2023-09-19T14:56:24Z" finished-at="2023-09-19T14:56:26Z">
          <reporter-output>
          </reporter-output>
        </test-method> <!-- createUserTest -->
        <test-method status="PASS" signature="getUserDetailsTest()[pri:2, instance:Tests.UserTests@4d9e68d0]" name="getUserDetailsTest" duration-ms="1571" started-at="2023-09-19T14:56:26Z" finished-at="2023-09-19T14:56:28Z">
          <reporter-output>
          </reporter-output>
        </test-method> <!-- getUserDetailsTest -->
        <test-method status="PASS" signature="updateUserDetailsTest()[pri:3, instance:Tests.UserTests@4d9e68d0]" name="updateUserDetailsTest" duration-ms="1430" started-at="2023-09-19T14:56:28Z" finished-at="2023-09-19T14:56:29Z">
          <reporter-output>
          </reporter-output>
        </test-method> <!-- updateUserDetailsTest -->
        <test-method status="PASS" signature="deleteUserDetailsTest()[pri:4, instance:Tests.UserTests@4d9e68d0]" name="deleteUserDetailsTest" duration-ms="1390" started-at="2023-09-19T14:56:29Z" finished-at="2023-09-19T14:56:31Z">
          <reporter-output>
          </reporter-output>
        </test-method> <!-- deleteUserDetailsTest -->
      </class> <!-- Tests.UserTests -->
    </test> <!-- Test -->
  </suite> <!-- Suite -->
</testng-results>
