<?xml version="1.0" encoding="UTF-8"?>
<testng-results ignored="0" total="4" passed="4" failed="0" skipped="0">
  <reporter-output>
  </reporter-output>
  <suite started-at="2023-09-18T15:02:25Z" name="Suite" finished-at="2023-09-18T15:02:33Z" duration-ms="7443">
    <groups>
    </groups>
    <test started-at="2023-09-18T15:02:25Z" name="Test" finished-at="2023-09-18T15:02:33Z" duration-ms="7443">
      <class name="Tests.UserTests">
        <test-method is-config="true" signature="setup()[pri:0, instance:Tests.UserTests@2a693f59]" started-at="2023-09-18T15:02:25Z" name="setup" finished-at="2023-09-18T15:02:26Z" duration-ms="183" status="PASS">
          <reporter-output>
          </reporter-output>
        </test-method> <!-- setup -->
        <test-method signature="createUserTest()[pri:1, instance:Tests.UserTests@2a693f59]" started-at="2023-09-18T15:02:26Z" name="createUserTest" finished-at="2023-09-18T15:02:28Z" duration-ms="2829" status="PASS">
          <reporter-output>
          </reporter-output>
        </test-method> <!-- createUserTest -->
        <test-method signature="getUserDetailsTest()[pri:2, instance:Tests.UserTests@2a693f59]" started-at="2023-09-18T15:02:28Z" name="getUserDetailsTest" finished-at="2023-09-18T15:02:30Z" duration-ms="1398" status="PASS">
          <reporter-output>
          </reporter-output>
        </test-method> <!-- getUserDetailsTest -->
        <test-method signature="updateUserDetailsTest()[pri:3, instance:Tests.UserTests@2a693f59]" started-at="2023-09-18T15:02:30Z" name="updateUserDetailsTest" finished-at="2023-09-18T15:02:31Z" duration-ms="1354" status="PASS">
          <reporter-output>
          </reporter-output>
        </test-method> <!-- updateUserDetailsTest -->
        <test-method signature="deleteUserDetailsTest()[pri:4, instance:Tests.UserTests@2a693f59]" started-at="2023-09-18T15:02:31Z" name="deleteUserDetailsTest" finished-at="2023-09-18T15:02:33Z" duration-ms="1299" status="PASS">
          <reporter-output>
          </reporter-output>
        </test-method> <!-- deleteUserDetailsTest -->
      </class> <!-- Tests.UserTests -->
    </test> <!-- Test -->
  </suite> <!-- Suite -->
</testng-results>
